<?xml version="1.0" encoding="UTF-8" ?>
<testsuite tests="4" failures="0" name="automation.todo.mvc.MVCTest" time="52.881" errors="0" skipped="0">
  <properties>
[...]
</properties>
  <testcase classname="automation.todo.mvc.MVCTest" name="Case4_FindCompleted_Test" time="16.196"/>
  <testcase classname="automation.todo.mvc.MVCTest" name="Case3_FindCompleted_Test" time="10.355"/>
  <testcase classname="automation.todo.mvc.MVCTest" name="Case2_ClearCompleted_Test" time="10.797"/>
  <testcase classname="automation.todo.mvc.MVCTest" name="Case1_EnterInfoAndDelete_Test" time="15.533"/>
</testsuite>